{"C:\\Users\\Yurii_Tykhun\\Documents\\ReactJS-Program-2021-Q2\\Homework\\src\\components\\Button\\index.jsx": {"path":"C:\\Users\\Yurii_Tykhun\\Documents\\ReactJS-Program-2021-Q2\\Homework\\src\\components\\Button\\index.jsx","statementMap":{"0":{"start":{"line":4,"column":15},"end":{"line":14,"column":1}},"1":{"start":{"line":5,"column":4},"end":{"line":13,"column":13}},"2":{"start":{"line":16,"column":0},"end":{"line":25,"column":2}},"3":{"start":{"line":27,"column":0},"end":{"line":36,"column":2}}},"fnMap":{"0":{"name":"(anonymous_0)","decl":{"start":{"line":4,"column":15},"end":{"line":4,"column":16}},"loc":{"start":{"line":5,"column":4},"end":{"line":13,"column":13}},"line":5},"1":{"name":"(anonymous_1)","decl":{"start":{"line":31,"column":11},"end":{"line":31,"column":12}},"loc":{"start":{"line":31,"column":17},"end":{"line":31,"column":19}},"line":31}},"branchMap":{"0":{"loc":{"start":{"line":12,"column":8},"end":{"line":12,"column":54}},"type":"binary-expr","locations":[{"start":{"line":12,"column":8},"end":{"line":12,"column":15}},{"start":{"line":12,"column":19},"end":{"line":12,"column":54}}],"line":12}},"s":{"0":4,"1":6,"2":4,"3":4},"f":{"0":6,"1":0},"b":{"0":[6,1]},"_coverageSchema":"1a1c01bbd47fc00a2c39e90264f33305004495a9","hash":"7ef59a9139d1dd8b4fb5c8b32b70cc99396daa2b"}
,"C:\\Users\\Yurii_Tykhun\\Documents\\ReactJS-Program-2021-Q2\\Homework\\src\\components\\Footer\\index.jsx": {"path":"C:\\Users\\Yurii_Tykhun\\Documents\\ReactJS-Program-2021-Q2\\Homework\\src\\components\\Footer\\index.jsx","statementMap":{"0":{"start":{"line":7,"column":15},"end":{"line":11,"column":1}},"1":{"start":{"line":8,"column":4},"end":{"line":10,"column":13}}},"fnMap":{"0":{"name":"(anonymous_0)","decl":{"start":{"line":7,"column":15},"end":{"line":7,"column":16}},"loc":{"start":{"line":8,"column":4},"end":{"line":10,"column":13}},"line":8}},"branchMap":{},"s":{"0":1,"1":1},"f":{"0":1},"b":{},"_coverageSchema":"1a1c01bbd47fc00a2c39e90264f33305004495a9","hash":"946e87d9bd05efc741cfd7a1cb232bc1b4107f12"}
,"C:\\Users\\Yurii_Tykhun\\Documents\\ReactJS-Program-2021-Q2\\Homework\\src\\components\\Input\\index.jsx": {"path":"C:\\Users\\Yurii_Tykhun\\Documents\\ReactJS-Program-2021-Q2\\Homework\\src\\components\\Input\\index.jsx","statementMap":{"0":{"start":{"line":6,"column":14},"end":{"line":13,"column":1}},"1":{"start":{"line":7,"column":4},"end":{"line":12,"column":30}},"2":{"start":{"line":15,"column":0},"end":{"line":18,"column":1}}},"fnMap":{"0":{"name":"(anonymous_0)","decl":{"start":{"line":6,"column":14},"end":{"line":6,"column":15}},"loc":{"start":{"line":7,"column":4},"end":{"line":12,"column":30}},"line":7}},"branchMap":{},"s":{"0":1,"1":1,"2":1},"f":{"0":1},"b":{},"_coverageSchema":"1a1c01bbd47fc00a2c39e90264f33305004495a9","hash":"b60d8de9c32176928b6de7c0e8324fae7ea12cba"}
,"C:\\Users\\Yurii_Tykhun\\Documents\\ReactJS-Program-2021-Q2\\Homework\\src\\components\\ListItem\\index.jsx": {"path":"C:\\Users\\Yurii_Tykhun\\Documents\\ReactJS-Program-2021-Q2\\Homework\\src\\components\\ListItem\\index.jsx","statementMap":{"0":{"start":{"line":7,"column":17},"end":{"line":16,"column":1}},"1":{"start":{"line":8,"column":24},"end":{"line":11,"column":6}},"2":{"start":{"line":13,"column":4},"end":{"line":15,"column":6}},"3":{"start":{"line":18,"column":0},"end":{"line":22,"column":2}}},"fnMap":{"0":{"name":"(anonymous_0)","decl":{"start":{"line":7,"column":17},"end":{"line":7,"column":18}},"loc":{"start":{"line":7,"column":53},"end":{"line":16,"column":1}},"line":7}},"branchMap":{},"s":{"0":1,"1":1,"2":1,"3":1},"f":{"0":1},"b":{},"_coverageSchema":"1a1c01bbd47fc00a2c39e90264f33305004495a9","hash":"0f8c8346b3416dcdda522fc27567f9f507213a99"}
,"C:\\Users\\Yurii_Tykhun\\Documents\\ReactJS-Program-2021-Q2\\Homework\\src\\components\\Logo\\index.jsx": {"path":"C:\\Users\\Yurii_Tykhun\\Documents\\ReactJS-Program-2021-Q2\\Homework\\src\\components\\Logo\\index.jsx","statementMap":{"0":{"start":{"line":5,"column":13},"end":{"line":10,"column":1}},"1":{"start":{"line":6,"column":2},"end":{"line":9,"column":8}}},"fnMap":{"0":{"name":"(anonymous_0)","decl":{"start":{"line":5,"column":13},"end":{"line":5,"column":14}},"loc":{"start":{"line":6,"column":2},"end":{"line":9,"column":8}},"line":6}},"branchMap":{},"s":{"0":1,"1":1},"f":{"0":1},"b":{},"_coverageSchema":"1a1c01bbd47fc00a2c39e90264f33305004495a9","hash":"fcd0c522c74003f5c543f6c88d08b2a8584c9a97"}
,"C:\\Users\\Yurii_Tykhun\\Documents\\ReactJS-Program-2021-Q2\\Homework\\src\\components\\MovieForm\\index.jsx": {"path":"C:\\Users\\Yurii_Tykhun\\Documents\\ReactJS-Program-2021-Q2\\Homework\\src\\components\\MovieForm\\index.jsx","statementMap":{"0":{"start":{"line":11,"column":18},"end":{"line":40,"column":1}},"1":{"start":{"line":12,"column":4},"end":{"line":39,"column":5}},"2":{"start":{"line":15,"column":41},"end":{"line":23,"column":55}},"3":{"start":{"line":42,"column":0},"end":{"line":45,"column":2}},"4":{"start":{"line":47,"column":0},"end":{"line":49,"column":2}}},"fnMap":{"0":{"name":"(anonymous_0)","decl":{"start":{"line":11,"column":18},"end":{"line":11,"column":19}},"loc":{"start":{"line":11,"column":46},"end":{"line":40,"column":1}},"line":11},"1":{"name":"(anonymous_1)","decl":{"start":{"line":15,"column":32},"end":{"line":15,"column":33}},"loc":{"start":{"line":15,"column":41},"end":{"line":23,"column":55}},"line":15}},"branchMap":{"0":{"loc":{"start":{"line":14,"column":13},"end":{"line":14,"column":85}},"type":"binary-expr","locations":[{"start":{"line":14,"column":13},"end":{"line":14,"column":23}},{"start":{"line":14,"column":27},"end":{"line":14,"column":85}}],"line":14},"1":{"loc":{"start":{"line":15,"column":41},"end":{"line":23,"column":55}},"type":"cond-expr","locations":[{"start":{"line":16,"column":16},"end":{"line":16,"column":112}},{"start":{"line":17,"column":16},"end":{"line":23,"column":55}}],"line":15}},"s":{"0":2,"1":2,"2":22,"3":2,"4":2},"f":{"0":2,"1":22},"b":{"0":[2,1],"1":[2,20]},"_coverageSchema":"1a1c01bbd47fc00a2c39e90264f33305004495a9","hash":"12c637274b0952df45beb40183a09b73148f295a"}
,"C:\\Users\\Yurii_Tykhun\\Documents\\ReactJS-Program-2021-Q2\\Homework\\src\\components\\MovieGenres\\index.jsx": {"path":"C:\\Users\\Yurii_Tykhun\\Documents\\ReactJS-Program-2021-Q2\\Homework\\src\\components\\MovieGenres\\index.jsx","statementMap":{"0":{"start":{"line":6,"column":20},"end":{"line":8,"column":1}},"1":{"start":{"line":7,"column":4},"end":{"line":7,"column":59}},"2":{"start":{"line":10,"column":0},"end":{"line":12,"column":1}}},"fnMap":{"0":{"name":"(anonymous_0)","decl":{"start":{"line":6,"column":20},"end":{"line":6,"column":21}},"loc":{"start":{"line":7,"column":4},"end":{"line":7,"column":59}},"line":7}},"branchMap":{},"s":{"0":1,"1":1,"2":1},"f":{"0":1},"b":{},"_coverageSchema":"1a1c01bbd47fc00a2c39e90264f33305004495a9","hash":"c8dda0a32bda72916d0c847fcc87d45d17186867"}
,"C:\\Users\\Yurii_Tykhun\\Documents\\ReactJS-Program-2021-Q2\\Homework\\src\\components\\MultipleSelect\\index.jsx": {"path":"C:\\Users\\Yurii_Tykhun\\Documents\\ReactJS-Program-2021-Q2\\Homework\\src\\components\\MultipleSelect\\index.jsx","statementMap":{"0":{"start":{"line":11,"column":13},"end":{"line":11,"column":58}},"1":{"start":{"line":12,"column":20},"end":{"line":12,"column":53}},"2":{"start":{"line":14,"column":23},"end":{"line":52,"column":1}},"3":{"start":{"line":16,"column":25},"end":{"line":18,"column":5}},"4":{"start":{"line":17,"column":8},"end":{"line":17,"column":47}},"5":{"start":{"line":20,"column":4},"end":{"line":51,"column":5}},"6":{"start":{"line":31,"column":42},"end":{"line":31,"column":46}},"7":{"start":{"line":32,"column":54},"end":{"line":32,"column":70}},"8":{"start":{"line":34,"column":20},"end":{"line":42,"column":37}},"9":{"start":{"line":46,"column":20},"end":{"line":46,"column":91}}},"fnMap":{"0":{"name":"(anonymous_0)","decl":{"start":{"line":14,"column":23},"end":{"line":14,"column":24}},"loc":{"start":{"line":14,"column":57},"end":{"line":52,"column":1}},"line":14},"1":{"name":"(anonymous_1)","decl":{"start":{"line":16,"column":25},"end":{"line":16,"column":26}},"loc":{"start":{"line":16,"column":39},"end":{"line":18,"column":5}},"line":16},"2":{"name":"(anonymous_2)","decl":{"start":{"line":31,"column":32},"end":{"line":31,"column":33}},"loc":{"start":{"line":31,"column":42},"end":{"line":31,"column":46}},"line":31},"3":{"name":"(anonymous_3)","decl":{"start":{"line":32,"column":35},"end":{"line":32,"column":36}},"loc":{"start":{"line":32,"column":54},"end":{"line":32,"column":70}},"line":32},"4":{"name":"(anonymous_4)","decl":{"start":{"line":33,"column":30},"end":{"line":33,"column":31}},"loc":{"start":{"line":34,"column":20},"end":{"line":42,"column":37}},"line":34},"5":{"name":"(anonymous_5)","decl":{"start":{"line":45,"column":29},"end":{"line":45,"column":30}},"loc":{"start":{"line":46,"column":20},"end":{"line":46,"column":91}},"line":46}},"branchMap":{},"s":{"0":2,"1":2,"2":2,"3":2,"4":0,"5":2,"6":2,"7":8,"8":0,"9":2},"f":{"0":2,"1":0,"2":2,"3":8,"4":0,"5":2},"b":{},"_coverageSchema":"1a1c01bbd47fc00a2c39e90264f33305004495a9","hash":"322732b2c298865e5c021c86fc7c079fb850d372"}
,"C:\\Users\\Yurii_Tykhun\\Documents\\ReactJS-Program-2021-Q2\\Homework\\src\\components\\Select\\index.jsx": {"path":"C:\\Users\\Yurii_Tykhun\\Documents\\ReactJS-Program-2021-Q2\\Homework\\src\\components\\Select\\index.jsx","statementMap":{"0":{"start":{"line":6,"column":15},"end":{"line":14,"column":1}},"1":{"start":{"line":7,"column":4},"end":{"line":13,"column":10}},"2":{"start":{"line":10,"column":16},"end":{"line":10,"column":84}},"3":{"start":{"line":16,"column":0},"end":{"line":19,"column":2}}},"fnMap":{"0":{"name":"(anonymous_0)","decl":{"start":{"line":6,"column":15},"end":{"line":6,"column":16}},"loc":{"start":{"line":7,"column":4},"end":{"line":13,"column":10}},"line":7},"1":{"name":"(anonymous_1)","decl":{"start":{"line":9,"column":29},"end":{"line":9,"column":30}},"loc":{"start":{"line":10,"column":16},"end":{"line":10,"column":84}},"line":10}},"branchMap":{},"s":{"0":1,"1":1,"2":3,"3":1},"f":{"0":1,"1":3},"b":{},"_coverageSchema":"1a1c01bbd47fc00a2c39e90264f33305004495a9","hash":"42a4e43f7b09376505fd18382a2402c6143fe841"}
,"C:\\Users\\Yurii_Tykhun\\Documents\\ReactJS-Program-2021-Q2\\Homework\\src\\containers\\FormInput\\index.jsx": {"path":"C:\\Users\\Yurii_Tykhun\\Documents\\ReactJS-Program-2021-Q2\\Homework\\src\\containers\\FormInput\\index.jsx","statementMap":{"0":{"start":{"line":6,"column":18},"end":{"line":26,"column":1}},"1":{"start":{"line":7,"column":24},"end":{"line":10,"column":6}},"2":{"start":{"line":12,"column":4},"end":{"line":25,"column":5}},"3":{"start":{"line":28,"column":0},"end":{"line":34,"column":2}},"4":{"start":{"line":36,"column":0},"end":{"line":40,"column":2}}},"fnMap":{"0":{"name":"(anonymous_0)","decl":{"start":{"line":6,"column":18},"end":{"line":6,"column":19}},"loc":{"start":{"line":6,"column":86},"end":{"line":26,"column":1}},"line":6}},"branchMap":{"0":{"loc":{"start":{"line":21,"column":13},"end":{"line":21,"column":71}},"type":"binary-expr","locations":[{"start":{"line":21,"column":13},"end":{"line":21,"column":18}},{"start":{"line":21,"column":22},"end":{"line":21,"column":71}}],"line":21}},"s":{"0":2,"1":21,"2":21,"3":2,"4":2},"f":{"0":21},"b":{"0":[21,0]},"_coverageSchema":"1a1c01bbd47fc00a2c39e90264f33305004495a9","hash":"7b34a59bd6232f4312d266d54a5da6e66b5dac04"}
,"C:\\Users\\Yurii_Tykhun\\Documents\\ReactJS-Program-2021-Q2\\Homework\\src\\containers\\ModalWindow\\AddMovie\\index.jsx": {"path":"C:\\Users\\Yurii_Tykhun\\Documents\\ReactJS-Program-2021-Q2\\Homework\\src\\containers\\ModalWindow\\AddMovie\\index.jsx","statementMap":{"0":{"start":{"line":10,"column":17},"end":{"line":46,"column":1}},"1":{"start":{"line":11,"column":24},"end":{"line":11,"column":76}},"2":{"start":{"line":11,"column":64},"end":{"line":11,"column":75}},"3":{"start":{"line":12,"column":21},"end":{"line":12,"column":34}},"4":{"start":{"line":14,"column":26},"end":{"line":26,"column":5}},"5":{"start":{"line":28,"column":23},"end":{"line":34,"column":5}},"6":{"start":{"line":29,"column":21},"end":{"line":32,"column":9}},"7":{"start":{"line":33,"column":8},"end":{"line":33,"column":33}},"8":{"start":{"line":36,"column":4},"end":{"line":45,"column":5}},"9":{"start":{"line":39,"column":16},"end":{"line":42,"column":23}},"10":{"start":{"line":48,"column":0},"end":{"line":50,"column":2}}},"fnMap":{"0":{"name":"(anonymous_0)","decl":{"start":{"line":10,"column":17},"end":{"line":10,"column":18}},"loc":{"start":{"line":10,"column":37},"end":{"line":46,"column":1}},"line":10},"1":{"name":"(anonymous_1)","decl":{"start":{"line":11,"column":36},"end":{"line":11,"column":37}},"loc":{"start":{"line":11,"column":64},"end":{"line":11,"column":75}},"line":11},"2":{"name":"(anonymous_2)","decl":{"start":{"line":28,"column":23},"end":{"line":28,"column":24}},"loc":{"start":{"line":28,"column":35},"end":{"line":34,"column":5}},"line":28},"3":{"name":"(anonymous_3)","decl":{"start":{"line":38,"column":13},"end":{"line":38,"column":14}},"loc":{"start":{"line":39,"column":16},"end":{"line":42,"column":23}},"line":39}},"branchMap":{"0":{"loc":{"start":{"line":36,"column":11},"end":{"line":45,"column":5}},"type":"binary-expr","locations":[{"start":{"line":36,"column":11},"end":{"line":36,"column":32}},{"start":{"line":37,"column":8},"end":{"line":44,"column":17}}],"line":36}},"s":{"0":1,"1":1,"2":1,"3":1,"4":1,"5":1,"6":0,"7":0,"8":1,"9":1,"10":1},"f":{"0":1,"1":1,"2":0,"3":1},"b":{"0":[1,1]},"_coverageSchema":"1a1c01bbd47fc00a2c39e90264f33305004495a9","hash":"59d352ab553772ba18825edb58750a9690971c97"}
,"C:\\Users\\Yurii_Tykhun\\Documents\\ReactJS-Program-2021-Q2\\Homework\\src\\containers\\ModalWindow\\DeleteMovie\\index.jsx": {"path":"C:\\Users\\Yurii_Tykhun\\Documents\\ReactJS-Program-2021-Q2\\Homework\\src\\containers\\ModalWindow\\DeleteMovie\\index.jsx","statementMap":{"0":{"start":{"line":8,"column":20},"end":{"line":29,"column":1}},"1":{"start":{"line":9,"column":24},"end":{"line":9,"column":76}},"2":{"start":{"line":9,"column":64},"end":{"line":9,"column":75}},"3":{"start":{"line":10,"column":21},"end":{"line":10,"column":34}},"4":{"start":{"line":12,"column":22},"end":{"line":14,"column":5}},"5":{"start":{"line":13,"column":8},"end":{"line":13,"column":39}},"6":{"start":{"line":16,"column":4},"end":{"line":28,"column":5}},"7":{"start":{"line":31,"column":0},"end":{"line":34,"column":2}}},"fnMap":{"0":{"name":"(anonymous_0)","decl":{"start":{"line":8,"column":20},"end":{"line":8,"column":21}},"loc":{"start":{"line":8,"column":44},"end":{"line":29,"column":1}},"line":8},"1":{"name":"(anonymous_1)","decl":{"start":{"line":9,"column":36},"end":{"line":9,"column":37}},"loc":{"start":{"line":9,"column":64},"end":{"line":9,"column":75}},"line":9},"2":{"name":"(anonymous_2)","decl":{"start":{"line":12,"column":22},"end":{"line":12,"column":23}},"loc":{"start":{"line":12,"column":28},"end":{"line":14,"column":5}},"line":12}},"branchMap":{"0":{"loc":{"start":{"line":16,"column":11},"end":{"line":28,"column":5}},"type":"binary-expr","locations":[{"start":{"line":16,"column":11},"end":{"line":16,"column":35}},{"start":{"line":17,"column":8},"end":{"line":27,"column":11}}],"line":16}},"s":{"0":1,"1":1,"2":1,"3":1,"4":1,"5":0,"6":1,"7":1},"f":{"0":1,"1":1,"2":0},"b":{"0":[1,1]},"_coverageSchema":"1a1c01bbd47fc00a2c39e90264f33305004495a9","hash":"4bcff4319e95ea74f21ba0cedb4996521bb17604"}
,"C:\\Users\\Yurii_Tykhun\\Documents\\ReactJS-Program-2021-Q2\\Homework\\src\\containers\\ModalWindow\\EditMovie\\index.jsx": {"path":"C:\\Users\\Yurii_Tykhun\\Documents\\ReactJS-Program-2021-Q2\\Homework\\src\\containers\\ModalWindow\\EditMovie\\index.jsx","statementMap":{"0":{"start":{"line":10,"column":18},"end":{"line":56,"column":1}},"1":{"start":{"line":18,"column":24},"end":{"line":18,"column":76}},"2":{"start":{"line":18,"column":64},"end":{"line":18,"column":75}},"3":{"start":{"line":19,"column":21},"end":{"line":19,"column":34}},"4":{"start":{"line":21,"column":26},"end":{"line":34,"column":5}},"5":{"start":{"line":36,"column":23},"end":{"line":44,"column":5}},"6":{"start":{"line":37,"column":21},"end":{"line":40,"column":9}},"7":{"start":{"line":42,"column":8},"end":{"line":42,"column":34}},"8":{"start":{"line":43,"column":8},"end":{"line":43,"column":28}},"9":{"start":{"line":46,"column":4},"end":{"line":55,"column":5}},"10":{"start":{"line":49,"column":16},"end":{"line":52,"column":23}},"11":{"start":{"line":58,"column":0},"end":{"line":74,"column":2}}},"fnMap":{"0":{"name":"(anonymous_0)","decl":{"start":{"line":10,"column":18},"end":{"line":10,"column":19}},"loc":{"start":{"line":16,"column":6},"end":{"line":56,"column":1}},"line":16},"1":{"name":"(anonymous_1)","decl":{"start":{"line":18,"column":36},"end":{"line":18,"column":37}},"loc":{"start":{"line":18,"column":64},"end":{"line":18,"column":75}},"line":18},"2":{"name":"(anonymous_2)","decl":{"start":{"line":36,"column":23},"end":{"line":36,"column":24}},"loc":{"start":{"line":36,"column":35},"end":{"line":44,"column":5}},"line":36},"3":{"name":"(anonymous_3)","decl":{"start":{"line":48,"column":13},"end":{"line":48,"column":14}},"loc":{"start":{"line":49,"column":16},"end":{"line":52,"column":23}},"line":49}},"branchMap":{"0":{"loc":{"start":{"line":28,"column":17},"end":{"line":28,"column":29}},"type":"binary-expr","locations":[{"start":{"line":28,"column":17},"end":{"line":28,"column":24}},{"start":{"line":28,"column":28},"end":{"line":28,"column":29}}],"line":28},"1":{"loc":{"start":{"line":31,"column":17},"end":{"line":31,"column":43}},"type":"binary-expr","locations":[{"start":{"line":31,"column":17},"end":{"line":31,"column":24}},{"start":{"line":31,"column":28},"end":{"line":31,"column":43}}],"line":31},"2":{"loc":{"start":{"line":46,"column":11},"end":{"line":55,"column":5}},"type":"binary-expr","locations":[{"start":{"line":46,"column":11},"end":{"line":46,"column":33}},{"start":{"line":47,"column":8},"end":{"line":54,"column":17}}],"line":46}},"s":{"0":1,"1":1,"2":1,"3":1,"4":1,"5":1,"6":0,"7":0,"8":0,"9":1,"10":1,"11":1},"f":{"0":1,"1":1,"2":0,"3":1},"b":{"0":[1,0],"1":[1,0],"2":[1,1]},"_coverageSchema":"1a1c01bbd47fc00a2c39e90264f33305004495a9","hash":"e0efbb421330d261c88a8782db0ffd0c00a3deb9"}
,"C:\\Users\\Yurii_Tykhun\\Documents\\ReactJS-Program-2021-Q2\\Homework\\src\\store\\actions\\actionTypes.js": {"path":"C:\\Users\\Yurii_Tykhun\\Documents\\ReactJS-Program-2021-Q2\\Homework\\src\\store\\actions\\actionTypes.js","statementMap":{"0":{"start":{"line":1,"column":26},"end":{"line":1,"column":38}},"1":{"start":{"line":2,"column":27},"end":{"line":2,"column":40}},"2":{"start":{"line":3,"column":34},"end":{"line":3,"column":54}},"3":{"start":{"line":4,"column":35},"end":{"line":4,"column":56}},"4":{"start":{"line":5,"column":27},"end":{"line":5,"column":40}},"5":{"start":{"line":6,"column":26},"end":{"line":6,"column":41}},"6":{"start":{"line":7,"column":32},"end":{"line":7,"column":50}},"7":{"start":{"line":8,"column":34},"end":{"line":8,"column":54}},"8":{"start":{"line":9,"column":39},"end":{"line":9,"column":64}}},"fnMap":{},"branchMap":{},"s":{"0":5,"1":5,"2":5,"3":5,"4":5,"5":5,"6":5,"7":5,"8":5},"f":{},"b":{},"_coverageSchema":"1a1c01bbd47fc00a2c39e90264f33305004495a9","hash":"861c5728170b3da4b26248b62841e082a92c6baa"}
,"C:\\Users\\Yurii_Tykhun\\Documents\\ReactJS-Program-2021-Q2\\Homework\\src\\store\\actions\\index.js": {"path":"C:\\Users\\Yurii_Tykhun\\Documents\\ReactJS-Program-2021-Q2\\Homework\\src\\store\\actions\\index.js","statementMap":{"0":{"start":{"line":18,"column":25},"end":{"line":23,"column":1}},"1":{"start":{"line":19,"column":4},"end":{"line":22,"column":6}},"2":{"start":{"line":25,"column":26},"end":{"line":29,"column":1}},"3":{"start":{"line":26,"column":4},"end":{"line":28,"column":6}},"4":{"start":{"line":31,"column":32},"end":{"line":36,"column":1}},"5":{"start":{"line":32,"column":4},"end":{"line":35,"column":6}},"6":{"start":{"line":38,"column":33},"end":{"line":42,"column":1}},"7":{"start":{"line":39,"column":4},"end":{"line":41,"column":6}},"8":{"start":{"line":44,"column":25},"end":{"line":49,"column":1}},"9":{"start":{"line":45,"column":4},"end":{"line":48,"column":6}},"10":{"start":{"line":51,"column":25},"end":{"line":56,"column":1}},"11":{"start":{"line":52,"column":4},"end":{"line":55,"column":6}},"12":{"start":{"line":58,"column":30},"end":{"line":63,"column":1}},"13":{"start":{"line":59,"column":4},"end":{"line":62,"column":6}},"14":{"start":{"line":65,"column":32},"end":{"line":71,"column":2}},"15":{"start":{"line":65,"column":47},"end":{"line":71,"column":1}},"16":{"start":{"line":73,"column":35},"end":{"line":76,"column":2}},"17":{"start":{"line":73,"column":47},"end":{"line":76,"column":1}},"18":{"start":{"line":78,"column":25},"end":{"line":89,"column":1}},"19":{"start":{"line":78,"column":31},"end":{"line":89,"column":1}},"20":{"start":{"line":79,"column":37},"end":{"line":79,"column":93}},"21":{"start":{"line":80,"column":4},"end":{"line":88,"column":11}},"22":{"start":{"line":83,"column":12},"end":{"line":83,"column":34}},"23":{"start":{"line":84,"column":12},"end":{"line":84,"column":53}},"24":{"start":{"line":87,"column":12},"end":{"line":87,"column":39}},"25":{"start":{"line":91,"column":28},"end":{"line":101,"column":1}},"26":{"start":{"line":91,"column":36},"end":{"line":101,"column":1}},"27":{"start":{"line":92,"column":4},"end":{"line":100,"column":11}},"28":{"start":{"line":95,"column":12},"end":{"line":95,"column":34}},"29":{"start":{"line":96,"column":12},"end":{"line":96,"column":56}},"30":{"start":{"line":99,"column":12},"end":{"line":99,"column":39}},"31":{"start":{"line":103,"column":24},"end":{"line":113,"column":1}},"32":{"start":{"line":103,"column":34},"end":{"line":113,"column":1}},"33":{"start":{"line":104,"column":4},"end":{"line":104,"column":22}},"34":{"start":{"line":105,"column":4},"end":{"line":112,"column":11}},"35":{"start":{"line":108,"column":12},"end":{"line":108,"column":35}},"36":{"start":{"line":111,"column":12},"end":{"line":111,"column":39}},"37":{"start":{"line":115,"column":25},"end":{"line":125,"column":1}},"38":{"start":{"line":115,"column":35},"end":{"line":125,"column":1}},"39":{"start":{"line":116,"column":4},"end":{"line":116,"column":22}},"40":{"start":{"line":117,"column":4},"end":{"line":124,"column":11}},"41":{"start":{"line":120,"column":12},"end":{"line":120,"column":35}},"42":{"start":{"line":123,"column":12},"end":{"line":123,"column":39}},"43":{"start":{"line":127,"column":27},"end":{"line":137,"column":1}},"44":{"start":{"line":127,"column":35},"end":{"line":137,"column":1}},"45":{"start":{"line":128,"column":4},"end":{"line":128,"column":20}},"46":{"start":{"line":129,"column":4},"end":{"line":136,"column":11}},"47":{"start":{"line":132,"column":12},"end":{"line":132,"column":35}},"48":{"start":{"line":135,"column":12},"end":{"line":135,"column":39}},"49":{"start":{"line":139,"column":40},"end":{"line":143,"column":1}},"50":{"start":{"line":139,"column":53},"end":{"line":143,"column":1}},"51":{"start":{"line":140,"column":4},"end":{"line":140,"column":78}},"52":{"start":{"line":140,"column":32},"end":{"line":140,"column":78}},"53":{"start":{"line":141,"column":4},"end":{"line":141,"column":112}},"54":{"start":{"line":141,"column":66},"end":{"line":141,"column":112}},"55":{"start":{"line":142,"column":4},"end":{"line":142,"column":117}},"56":{"start":{"line":142,"column":66},"end":{"line":142,"column":117}}},"fnMap":{"0":{"name":"(anonymous_0)","decl":{"start":{"line":18,"column":25},"end":{"line":18,"column":26}},"loc":{"start":{"line":18,"column":55},"end":{"line":23,"column":1}},"line":18},"1":{"name":"(anonymous_1)","decl":{"start":{"line":25,"column":26},"end":{"line":25,"column":27}},"loc":{"start":{"line":25,"column":32},"end":{"line":29,"column":1}},"line":25},"2":{"name":"(anonymous_2)","decl":{"start":{"line":31,"column":32},"end":{"line":31,"column":33}},"loc":{"start":{"line":31,"column":43},"end":{"line":36,"column":1}},"line":31},"3":{"name":"(anonymous_3)","decl":{"start":{"line":38,"column":33},"end":{"line":38,"column":34}},"loc":{"start":{"line":38,"column":39},"end":{"line":42,"column":1}},"line":38},"4":{"name":"(anonymous_4)","decl":{"start":{"line":44,"column":25},"end":{"line":44,"column":26}},"loc":{"start":{"line":44,"column":37},"end":{"line":49,"column":1}},"line":44},"5":{"name":"(anonymous_5)","decl":{"start":{"line":51,"column":25},"end":{"line":51,"column":26}},"loc":{"start":{"line":51,"column":37},"end":{"line":56,"column":1}},"line":51},"6":{"name":"(anonymous_6)","decl":{"start":{"line":58,"column":30},"end":{"line":58,"column":31}},"loc":{"start":{"line":58,"column":41},"end":{"line":63,"column":1}},"line":58},"7":{"name":"(anonymous_7)","decl":{"start":{"line":65,"column":32},"end":{"line":65,"column":33}},"loc":{"start":{"line":65,"column":47},"end":{"line":71,"column":1}},"line":65},"8":{"name":"(anonymous_8)","decl":{"start":{"line":73,"column":35},"end":{"line":73,"column":36}},"loc":{"start":{"line":73,"column":47},"end":{"line":76,"column":1}},"line":73},"9":{"name":"(anonymous_9)","decl":{"start":{"line":78,"column":25},"end":{"line":78,"column":26}},"loc":{"start":{"line":78,"column":31},"end":{"line":89,"column":1}},"line":78},"10":{"name":"(anonymous_10)","decl":{"start":{"line":78,"column":31},"end":{"line":78,"column":32}},"loc":{"start":{"line":78,"column":55},"end":{"line":89,"column":1}},"line":78},"11":{"name":"(anonymous_11)","decl":{"start":{"line":82,"column":14},"end":{"line":82,"column":15}},"loc":{"start":{"line":82,"column":26},"end":{"line":85,"column":9}},"line":82},"12":{"name":"(anonymous_12)","decl":{"start":{"line":86,"column":15},"end":{"line":86,"column":16}},"loc":{"start":{"line":86,"column":26},"end":{"line":88,"column":9}},"line":86},"13":{"name":"(anonymous_13)","decl":{"start":{"line":91,"column":28},"end":{"line":91,"column":29}},"loc":{"start":{"line":91,"column":36},"end":{"line":101,"column":1}},"line":91},"14":{"name":"(anonymous_14)","decl":{"start":{"line":91,"column":36},"end":{"line":91,"column":37}},"loc":{"start":{"line":91,"column":50},"end":{"line":101,"column":1}},"line":91},"15":{"name":"(anonymous_15)","decl":{"start":{"line":94,"column":14},"end":{"line":94,"column":15}},"loc":{"start":{"line":94,"column":26},"end":{"line":97,"column":9}},"line":94},"16":{"name":"(anonymous_16)","decl":{"start":{"line":98,"column":15},"end":{"line":98,"column":16}},"loc":{"start":{"line":98,"column":26},"end":{"line":100,"column":9}},"line":98},"17":{"name":"(anonymous_17)","decl":{"start":{"line":103,"column":24},"end":{"line":103,"column":25}},"loc":{"start":{"line":103,"column":34},"end":{"line":113,"column":1}},"line":103},"18":{"name":"(anonymous_18)","decl":{"start":{"line":103,"column":34},"end":{"line":103,"column":35}},"loc":{"start":{"line":103,"column":48},"end":{"line":113,"column":1}},"line":103},"19":{"name":"(anonymous_19)","decl":{"start":{"line":107,"column":14},"end":{"line":107,"column":15}},"loc":{"start":{"line":107,"column":20},"end":{"line":109,"column":9}},"line":107},"20":{"name":"(anonymous_20)","decl":{"start":{"line":110,"column":15},"end":{"line":110,"column":16}},"loc":{"start":{"line":110,"column":26},"end":{"line":112,"column":9}},"line":110},"21":{"name":"(anonymous_21)","decl":{"start":{"line":115,"column":25},"end":{"line":115,"column":26}},"loc":{"start":{"line":115,"column":35},"end":{"line":125,"column":1}},"line":115},"22":{"name":"(anonymous_22)","decl":{"start":{"line":115,"column":35},"end":{"line":115,"column":36}},"loc":{"start":{"line":115,"column":49},"end":{"line":125,"column":1}},"line":115},"23":{"name":"(anonymous_23)","decl":{"start":{"line":119,"column":14},"end":{"line":119,"column":15}},"loc":{"start":{"line":119,"column":20},"end":{"line":121,"column":9}},"line":119},"24":{"name":"(anonymous_24)","decl":{"start":{"line":122,"column":15},"end":{"line":122,"column":16}},"loc":{"start":{"line":122,"column":26},"end":{"line":124,"column":9}},"line":122},"25":{"name":"(anonymous_25)","decl":{"start":{"line":127,"column":27},"end":{"line":127,"column":28}},"loc":{"start":{"line":127,"column":35},"end":{"line":137,"column":1}},"line":127},"26":{"name":"(anonymous_26)","decl":{"start":{"line":127,"column":35},"end":{"line":127,"column":36}},"loc":{"start":{"line":127,"column":49},"end":{"line":137,"column":1}},"line":127},"27":{"name":"(anonymous_27)","decl":{"start":{"line":131,"column":14},"end":{"line":131,"column":15}},"loc":{"start":{"line":131,"column":20},"end":{"line":133,"column":9}},"line":131},"28":{"name":"(anonymous_28)","decl":{"start":{"line":134,"column":15},"end":{"line":134,"column":16}},"loc":{"start":{"line":134,"column":26},"end":{"line":136,"column":9}},"line":134},"29":{"name":"(anonymous_29)","decl":{"start":{"line":139,"column":40},"end":{"line":139,"column":41}},"loc":{"start":{"line":139,"column":53},"end":{"line":143,"column":1}},"line":139},"30":{"name":"(anonymous_30)","decl":{"start":{"line":139,"column":53},"end":{"line":139,"column":54}},"loc":{"start":{"line":139,"column":65},"end":{"line":143,"column":1}},"line":139}},"branchMap":{"0":{"loc":{"start":{"line":79,"column":37},"end":{"line":79,"column":93}},"type":"binary-expr","locations":[{"start":{"line":79,"column":37},"end":{"line":79,"column":53}},{"start":{"line":79,"column":57},"end":{"line":79,"column":93}}],"line":79},"1":{"loc":{"start":{"line":140,"column":4},"end":{"line":140,"column":78}},"type":"if","locations":[{"start":{"line":140,"column":4},"end":{"line":140,"column":78}},{"start":{"line":140,"column":4},"end":{"line":140,"column":78}}],"line":140},"2":{"loc":{"start":{"line":141,"column":4},"end":{"line":141,"column":112}},"type":"if","locations":[{"start":{"line":141,"column":4},"end":{"line":141,"column":112}},{"start":{"line":141,"column":4},"end":{"line":141,"column":112}}],"line":141},"3":{"loc":{"start":{"line":141,"column":7},"end":{"line":141,"column":64}},"type":"binary-expr","locations":[{"start":{"line":141,"column":7},"end":{"line":141,"column":30}},{"start":{"line":141,"column":34},"end":{"line":141,"column":64}}],"line":141},"4":{"loc":{"start":{"line":142,"column":4},"end":{"line":142,"column":117}},"type":"if","locations":[{"start":{"line":142,"column":4},"end":{"line":142,"column":117}},{"start":{"line":142,"column":4},"end":{"line":142,"column":117}}],"line":142},"5":{"loc":{"start":{"line":142,"column":7},"end":{"line":142,"column":64}},"type":"binary-expr","locations":[{"start":{"line":142,"column":7},"end":{"line":142,"column":30}},{"start":{"line":142,"column":34},"end":{"line":142,"column":64}}],"line":142}},"s":{"0":4,"1":1,"2":4,"3":4,"4":4,"5":1,"6":4,"7":1,"8":4,"9":2,"10":4,"11":2,"12":4,"13":2,"14":4,"15":2,"16":4,"17":2,"18":4,"19":1,"20":1,"21":1,"22":1,"23":1,"24":0,"25":4,"26":1,"27":1,"28":1,"29":1,"30":0,"31":4,"32":1,"33":1,"34":1,"35":1,"36":0,"37":4,"38":2,"39":2,"40":2,"41":2,"42":0,"43":4,"44":0,"45":0,"46":0,"47":0,"48":0,"49":4,"50":1,"51":1,"52":1,"53":1,"54":1,"55":1,"56":1},"f":{"0":1,"1":4,"2":1,"3":1,"4":2,"5":2,"6":2,"7":2,"8":2,"9":1,"10":1,"11":1,"12":0,"13":1,"14":1,"15":1,"16":0,"17":1,"18":1,"19":1,"20":0,"21":2,"22":2,"23":2,"24":0,"25":0,"26":0,"27":0,"28":0,"29":1,"30":1},"b":{"0":[1,1],"1":[1,0],"2":[1,0],"3":[1,0],"4":[1,0],"5":[1,0]},"_coverageSchema":"1a1c01bbd47fc00a2c39e90264f33305004495a9","hash":"dd1c85f904bdb1ec21e6ff59c834e2081e6fab80"}
,"C:\\Users\\Yurii_Tykhun\\Documents\\ReactJS-Program-2021-Q2\\Homework\\src\\store\\reducers\\movie.js": {"path":"C:\\Users\\Yurii_Tykhun\\Documents\\ReactJS-Program-2021-Q2\\Homework\\src\\store\\reducers\\movie.js","statementMap":{"0":{"start":{"line":13,"column":28},"end":{"line":22,"column":1}},"1":{"start":{"line":24,"column":14},"end":{"line":78,"column":1}},"2":{"start":{"line":25,"column":4},"end":{"line":77,"column":5}},"3":{"start":{"line":27,"column":12},"end":{"line":31,"column":13}},"4":{"start":{"line":33,"column":12},"end":{"line":37,"column":14}},"5":{"start":{"line":39,"column":12},"end":{"line":42,"column":14}},"6":{"start":{"line":44,"column":12},"end":{"line":47,"column":14}},"7":{"start":{"line":49,"column":12},"end":{"line":52,"column":14}},"8":{"start":{"line":54,"column":12},"end":{"line":57,"column":14}},"9":{"start":{"line":59,"column":12},"end":{"line":62,"column":14}},"10":{"start":{"line":64,"column":12},"end":{"line":68,"column":14}},"11":{"start":{"line":70,"column":12},"end":{"line":73,"column":14}},"12":{"start":{"line":76,"column":12},"end":{"line":76,"column":25}}},"fnMap":{"0":{"name":"(anonymous_0)","decl":{"start":{"line":24,"column":14},"end":{"line":24,"column":15}},"loc":{"start":{"line":24,"column":48},"end":{"line":78,"column":1}},"line":24}},"branchMap":{"0":{"loc":{"start":{"line":24,"column":15},"end":{"line":24,"column":35}},"type":"default-arg","locations":[{"start":{"line":24,"column":23},"end":{"line":24,"column":35}}],"line":24},"1":{"loc":{"start":{"line":25,"column":4},"end":{"line":77,"column":5}},"type":"switch","locations":[{"start":{"line":26,"column":8},"end":{"line":31,"column":13}},{"start":{"line":32,"column":8},"end":{"line":37,"column":14}},{"start":{"line":38,"column":8},"end":{"line":42,"column":14}},{"start":{"line":43,"column":8},"end":{"line":47,"column":14}},{"start":{"line":48,"column":8},"end":{"line":52,"column":14}},{"start":{"line":53,"column":8},"end":{"line":57,"column":14}},{"start":{"line":58,"column":8},"end":{"line":62,"column":14}},{"start":{"line":63,"column":8},"end":{"line":68,"column":14}},{"start":{"line":69,"column":8},"end":{"line":73,"column":14}},{"start":{"line":75,"column":8},"end":{"line":76,"column":25}}],"line":25}},"s":{"0":2,"1":2,"2":9,"3":1,"4":1,"5":1,"6":1,"7":1,"8":1,"9":1,"10":1,"11":1,"12":0},"f":{"0":9},"b":{"0":[0],"1":[1,1,1,1,1,1,1,1,1,0]},"_coverageSchema":"1a1c01bbd47fc00a2c39e90264f33305004495a9","hash":"22fbbc34810e28c09f98a523557a5ce3f22221da"}
,"C:\\Users\\Yurii_Tykhun\\Documents\\ReactJS-Program-2021-Q2\\Homework\\src\\util\\constants.js": {"path":"C:\\Users\\Yurii_Tykhun\\Documents\\ReactJS-Program-2021-Q2\\Homework\\src\\util\\constants.js","statementMap":{"0":{"start":{"line":1,"column":22},"end":{"line":17,"column":1}},"1":{"start":{"line":19,"column":22},"end":{"line":23,"column":1}},"2":{"start":{"line":25,"column":30},"end":{"line":37,"column":1}},"3":{"start":{"line":39,"column":24},"end":{"line":39,"column":54}},"4":{"start":{"line":41,"column":25},"end":{"line":41,"column":140}},"5":{"start":{"line":43,"column":25},"end":{"line":56,"column":1}}},"fnMap":{},"branchMap":{},"s":{"0":5,"1":5,"2":5,"3":5,"4":5,"5":5},"f":{},"b":{},"_coverageSchema":"1a1c01bbd47fc00a2c39e90264f33305004495a9","hash":"3a855dc92c44ceed4ccc5b59d53533fa8b6ea7e4"}
,"C:\\Users\\Yurii_Tykhun\\Documents\\ReactJS-Program-2021-Q2\\Homework\\src\\util\\fileMock.js": {"path":"C:\\Users\\Yurii_Tykhun\\Documents\\ReactJS-Program-2021-Q2\\Homework\\src\\util\\fileMock.js","statementMap":{"0":{"start":{"line":1,"column":0},"end":{"line":1,"column":20}}},"fnMap":{},"branchMap":{},"s":{"0":4},"f":{},"b":{},"_coverageSchema":"1a1c01bbd47fc00a2c39e90264f33305004495a9","hash":"eb3d9000b435d664697427e14be83426d843cb49"}
,"C:\\Users\\Yurii_Tykhun\\Documents\\ReactJS-Program-2021-Q2\\Homework\\src\\util\\index.js": {"path":"C:\\Users\\Yurii_Tykhun\\Documents\\ReactJS-Program-2021-Q2\\Homework\\src\\util\\index.js","statementMap":{"0":{"start":{"line":5,"column":24},"end":{"line":9,"column":1}},"1":{"start":{"line":6,"column":4},"end":{"line":8,"column":49}},"2":{"start":{"line":7,"column":26},"end":{"line":7,"column":65}},"3":{"start":{"line":8,"column":26},"end":{"line":8,"column":47}},"4":{"start":{"line":11,"column":30},"end":{"line":13,"column":1}},"5":{"start":{"line":12,"column":4},"end":{"line":12,"column":34}},"6":{"start":{"line":15,"column":27},"end":{"line":24,"column":1}},"7":{"start":{"line":16,"column":4},"end":{"line":23,"column":5}},"8":{"start":{"line":26,"column":28},"end":{"line":26,"column":62}},"9":{"start":{"line":26,"column":38},"end":{"line":26,"column":62}},"10":{"start":{"line":28,"column":29},"end":{"line":28,"column":71}},"11":{"start":{"line":28,"column":40},"end":{"line":28,"column":71}},"12":{"start":{"line":30,"column":23},"end":{"line":30,"column":61}},"13":{"start":{"line":30,"column":33},"end":{"line":30,"column":61}},"14":{"start":{"line":32,"column":32},"end":{"line":34,"column":98}},"15":{"start":{"line":34,"column":6},"end":{"line":34,"column":98}},"16":{"start":{"line":36,"column":29},"end":{"line":73,"column":2}},"17":{"start":{"line":36,"column":35},"end":{"line":73,"column":2}},"18":{"start":{"line":67,"column":21},"end":{"line":67,"column":47}}},"fnMap":{"0":{"name":"(anonymous_0)","decl":{"start":{"line":5,"column":24},"end":{"line":5,"column":25}},"loc":{"start":{"line":5,"column":46},"end":{"line":9,"column":1}},"line":5},"1":{"name":"(anonymous_1)","decl":{"start":{"line":7,"column":17},"end":{"line":7,"column":18}},"loc":{"start":{"line":7,"column":26},"end":{"line":7,"column":65}},"line":7},"2":{"name":"(anonymous_2)","decl":{"start":{"line":8,"column":17},"end":{"line":8,"column":18}},"loc":{"start":{"line":8,"column":26},"end":{"line":8,"column":47}},"line":8},"3":{"name":"(anonymous_3)","decl":{"start":{"line":11,"column":30},"end":{"line":11,"column":31}},"loc":{"start":{"line":11,"column":41},"end":{"line":13,"column":1}},"line":11},"4":{"name":"(anonymous_4)","decl":{"start":{"line":15,"column":27},"end":{"line":15,"column":28}},"loc":{"start":{"line":15,"column":38},"end":{"line":24,"column":1}},"line":15},"5":{"name":"(anonymous_5)","decl":{"start":{"line":26,"column":28},"end":{"line":26,"column":29}},"loc":{"start":{"line":26,"column":38},"end":{"line":26,"column":62}},"line":26},"6":{"name":"(anonymous_6)","decl":{"start":{"line":28,"column":29},"end":{"line":28,"column":30}},"loc":{"start":{"line":28,"column":40},"end":{"line":28,"column":71}},"line":28},"7":{"name":"(anonymous_7)","decl":{"start":{"line":30,"column":23},"end":{"line":30,"column":24}},"loc":{"start":{"line":30,"column":33},"end":{"line":30,"column":61}},"line":30},"8":{"name":"(anonymous_8)","decl":{"start":{"line":32,"column":32},"end":{"line":32,"column":33}},"loc":{"start":{"line":34,"column":6},"end":{"line":34,"column":98}},"line":34},"9":{"name":"(anonymous_9)","decl":{"start":{"line":36,"column":29},"end":{"line":36,"column":30}},"loc":{"start":{"line":36,"column":35},"end":{"line":73,"column":2}},"line":36},"10":{"name":"(anonymous_10)","decl":{"start":{"line":67,"column":12},"end":{"line":67,"column":13}},"loc":{"start":{"line":67,"column":21},"end":{"line":67,"column":47}},"line":67}},"branchMap":{"0":{"loc":{"start":{"line":5,"column":25},"end":{"line":5,"column":33}},"type":"default-arg","locations":[{"start":{"line":5,"column":31},"end":{"line":5,"column":33}}],"line":5},"1":{"loc":{"start":{"line":6,"column":11},"end":{"line":8,"column":48}},"type":"cond-expr","locations":[{"start":{"line":7,"column":8},"end":{"line":7,"column":66}},{"start":{"line":8,"column":8},"end":{"line":8,"column":48}}],"line":6},"2":{"loc":{"start":{"line":17,"column":21},"end":{"line":17,"column":52}},"type":"binary-expr","locations":[{"start":{"line":17,"column":21},"end":{"line":17,"column":38}},{"start":{"line":17,"column":42},"end":{"line":17,"column":52}}],"line":17},"3":{"loc":{"start":{"line":26,"column":39},"end":{"line":26,"column":50}},"type":"binary-expr","locations":[{"start":{"line":26,"column":39},"end":{"line":26,"column":45}},{"start":{"line":26,"column":49},"end":{"line":26,"column":50}}],"line":26},"4":{"loc":{"start":{"line":28,"column":40},"end":{"line":28,"column":71}},"type":"cond-expr","locations":[{"start":{"line":28,"column":50},"end":{"line":28,"column":66}},{"start":{"line":28,"column":69},"end":{"line":28,"column":71}}],"line":28}},"s":{"0":4,"1":0,"2":0,"3":0,"4":4,"5":0,"6":4,"7":0,"8":4,"9":0,"10":4,"11":0,"12":4,"13":0,"14":4,"15":1,"16":4,"17":2,"18":0},"f":{"0":0,"1":0,"2":0,"3":0,"4":0,"5":0,"6":0,"7":0,"8":1,"9":2,"10":0},"b":{"0":[0],"1":[0,0],"2":[0,0],"3":[0,0],"4":[0,0]},"_coverageSchema":"1a1c01bbd47fc00a2c39e90264f33305004495a9","hash":"3a53f887e403a5bb42391b3acfafd24505e03f49"}
}
