TN:
SF:src\components\Button\index.jsx
FN:4,(anonymous_0)
FN:31,(anonymous_1)
FNF:2
FNH:1
FNDA:6,(anonymous_0)
FNDA:0,(anonymous_1)
DA:4,4
DA:5,6
DA:16,4
DA:27,4
LF:4
LH:4
BRDA:12,0,0,6
BRDA:12,0,1,1
BRF:2
BRH:2
end_of_record
TN:
SF:src\components\Footer\index.jsx
FN:7,(anonymous_0)
FNF:1
FNH:1
FNDA:1,(anonymous_0)
DA:7,1
DA:8,1
LF:2
LH:2
BRF:0
BRH:0
end_of_record
TN:
SF:src\components\Input\index.jsx
FN:6,(anonymous_0)
FNF:1
FNH:1
FNDA:1,(anonymous_0)
DA:6,1
DA:7,1
DA:15,1
LF:3
LH:3
BRF:0
BRH:0
end_of_record
TN:
SF:src\components\ListItem\index.jsx
FN:7,(anonymous_0)
FNF:1
FNH:1
FNDA:1,(anonymous_0)
DA:7,1
DA:8,1
DA:13,1
DA:18,1
LF:4
LH:4
BRF:0
BRH:0
end_of_record
TN:
SF:src\components\Logo\index.jsx
FN:5,(anonymous_0)
FNF:1
FNH:1
FNDA:1,(anonymous_0)
DA:5,1
DA:6,1
LF:2
LH:2
BRF:0
BRH:0
end_of_record
TN:
SF:src\components\MovieForm\index.jsx
FN:11,(anonymous_0)
FN:15,(anonymous_1)
FNF:2
FNH:2
FNDA:2,(anonymous_0)
FNDA:22,(anonymous_1)
DA:11,2
DA:12,2
DA:15,22
DA:42,2
DA:47,2
LF:5
LH:5
BRDA:14,0,0,2
BRDA:14,0,1,1
BRDA:15,1,0,2
BRDA:15,1,1,20
BRF:4
BRH:4
end_of_record
TN:
SF:src\components\MovieGenres\index.jsx
FN:6,(anonymous_0)
FNF:1
FNH:1
FNDA:1,(anonymous_0)
DA:6,1
DA:7,1
DA:10,1
LF:3
LH:3
BRF:0
BRH:0
end_of_record
TN:
SF:src\components\MultipleSelect\index.jsx
FN:14,(anonymous_0)
FN:16,(anonymous_1)
FN:31,(anonymous_2)
FN:32,(anonymous_3)
FN:33,(anonymous_4)
FN:45,(anonymous_5)
FNF:6
FNH:4
FNDA:2,(anonymous_0)
FNDA:0,(anonymous_1)
FNDA:2,(anonymous_2)
FNDA:8,(anonymous_3)
FNDA:0,(anonymous_4)
FNDA:2,(anonymous_5)
DA:11,2
DA:12,2
DA:14,2
DA:16,2
DA:17,0
DA:20,2
DA:31,2
DA:32,8
DA:34,0
DA:46,2
LF:10
LH:8
BRF:0
BRH:0
end_of_record
TN:
SF:src\components\Select\index.jsx
FN:6,(anonymous_0)
FN:9,(anonymous_1)
FNF:2
FNH:2
FNDA:1,(anonymous_0)
FNDA:3,(anonymous_1)
DA:6,1
DA:7,1
DA:10,3
DA:16,1
LF:4
LH:4
BRF:0
BRH:0
end_of_record
TN:
SF:src\containers\FormInput\index.jsx
FN:6,(anonymous_0)
FNF:1
FNH:1
FNDA:21,(anonymous_0)
DA:6,2
DA:7,21
DA:12,21
DA:28,2
DA:36,2
LF:5
LH:5
BRDA:21,0,0,21
BRDA:21,0,1,0
BRF:2
BRH:1
end_of_record
TN:
SF:src\containers\ModalWindow\AddMovie\index.jsx
FN:10,(anonymous_0)
FN:11,(anonymous_1)
FN:28,(anonymous_2)
FN:38,(anonymous_3)
FNF:4
FNH:3
FNDA:1,(anonymous_0)
FNDA:1,(anonymous_1)
FNDA:0,(anonymous_2)
FNDA:1,(anonymous_3)
DA:10,1
DA:11,1
DA:12,1
DA:14,1
DA:28,1
DA:29,0
DA:33,0
DA:36,1
DA:39,1
DA:48,1
LF:10
LH:8
BRDA:36,0,0,1
BRDA:36,0,1,1
BRF:2
BRH:2
end_of_record
TN:
SF:src\containers\ModalWindow\DeleteMovie\index.jsx
FN:8,(anonymous_0)
FN:9,(anonymous_1)
FN:12,(anonymous_2)
FNF:3
FNH:2
FNDA:1,(anonymous_0)
FNDA:1,(anonymous_1)
FNDA:0,(anonymous_2)
DA:8,1
DA:9,1
DA:10,1
DA:12,1
DA:13,0
DA:16,1
DA:31,1
LF:7
LH:6
BRDA:16,0,0,1
BRDA:16,0,1,1
BRF:2
BRH:2
end_of_record
TN:
SF:src\containers\ModalWindow\EditMovie\index.jsx
FN:10,(anonymous_0)
FN:18,(anonymous_1)
FN:36,(anonymous_2)
FN:48,(anonymous_3)
FNF:4
FNH:3
FNDA:1,(anonymous_0)
FNDA:1,(anonymous_1)
FNDA:0,(anonymous_2)
FNDA:1,(anonymous_3)
DA:10,1
DA:18,1
DA:19,1
DA:21,1
DA:36,1
DA:37,0
DA:42,0
DA:43,0
DA:46,1
DA:49,1
DA:58,1
LF:11
LH:8
BRDA:28,0,0,1
BRDA:28,0,1,0
BRDA:31,1,0,1
BRDA:31,1,1,0
BRDA:46,2,0,1
BRDA:46,2,1,1
BRF:6
BRH:4
end_of_record
TN:
SF:src\store\actions\actionTypes.js
FNF:0
FNH:0
DA:1,5
DA:2,5
DA:3,5
DA:4,5
DA:5,5
DA:6,5
DA:7,5
DA:8,5
DA:9,5
LF:9
LH:9
BRF:0
BRH:0
end_of_record
TN:
SF:src\store\actions\index.js
FN:18,(anonymous_0)
FN:25,(anonymous_1)
FN:31,(anonymous_2)
FN:38,(anonymous_3)
FN:44,(anonymous_4)
FN:51,(anonymous_5)
FN:58,(anonymous_6)
FN:65,(anonymous_7)
FN:73,(anonymous_8)
FN:78,(anonymous_9)
FN:78,(anonymous_10)
FN:82,(anonymous_11)
FN:86,(anonymous_12)
FN:91,(anonymous_13)
FN:91,(anonymous_14)
FN:94,(anonymous_15)
FN:98,(anonymous_16)
FN:103,(anonymous_17)
FN:103,(anonymous_18)
FN:107,(anonymous_19)
FN:110,(anonymous_20)
FN:115,(anonymous_21)
FN:115,(anonymous_22)
FN:119,(anonymous_23)
FN:122,(anonymous_24)
FN:127,(anonymous_25)
FN:127,(anonymous_26)
FN:131,(anonymous_27)
FN:134,(anonymous_28)
FN:139,(anonymous_29)
FN:139,(anonymous_30)
FNF:31
FNH:23
FNDA:1,(anonymous_0)
FNDA:4,(anonymous_1)
FNDA:1,(anonymous_2)
FNDA:1,(anonymous_3)
FNDA:2,(anonymous_4)
FNDA:2,(anonymous_5)
FNDA:2,(anonymous_6)
FNDA:2,(anonymous_7)
FNDA:2,(anonymous_8)
FNDA:1,(anonymous_9)
FNDA:1,(anonymous_10)
FNDA:1,(anonymous_11)
FNDA:0,(anonymous_12)
FNDA:1,(anonymous_13)
FNDA:1,(anonymous_14)
FNDA:1,(anonymous_15)
FNDA:0,(anonymous_16)
FNDA:1,(anonymous_17)
FNDA:1,(anonymous_18)
FNDA:1,(anonymous_19)
FNDA:0,(anonymous_20)
FNDA:2,(anonymous_21)
FNDA:2,(anonymous_22)
FNDA:2,(anonymous_23)
FNDA:0,(anonymous_24)
FNDA:0,(anonymous_25)
FNDA:0,(anonymous_26)
FNDA:0,(anonymous_27)
FNDA:0,(anonymous_28)
FNDA:1,(anonymous_29)
FNDA:1,(anonymous_30)
DA:18,4
DA:19,1
DA:25,4
DA:26,4
DA:31,4
DA:32,1
DA:38,4
DA:39,1
DA:44,4
DA:45,2
DA:51,4
DA:52,2
DA:58,4
DA:59,2
DA:65,4
DA:73,4
DA:78,4
DA:79,1
DA:80,1
DA:83,1
DA:84,1
DA:87,0
DA:91,4
DA:92,1
DA:95,1
DA:96,1
DA:99,0
DA:103,4
DA:104,1
DA:105,1
DA:108,1
DA:111,0
DA:115,4
DA:116,2
DA:117,2
DA:120,2
DA:123,0
DA:127,4
DA:128,0
DA:129,0
DA:132,0
DA:135,0
DA:139,4
DA:140,1
DA:141,1
DA:142,1
LF:46
LH:38
BRDA:79,0,0,1
BRDA:79,0,1,1
BRDA:140,1,0,1
BRDA:140,1,1,0
BRDA:141,2,0,1
BRDA:141,2,1,0
BRDA:141,3,0,1
BRDA:141,3,1,0
BRDA:142,4,0,1
BRDA:142,4,1,0
BRDA:142,5,0,1
BRDA:142,5,1,0
BRF:12
BRH:7
end_of_record
TN:
SF:src\store\reducers\movie.js
FN:24,(anonymous_0)
FNF:1
FNH:1
FNDA:9,(anonymous_0)
DA:13,2
DA:24,2
DA:25,9
DA:27,1
DA:33,1
DA:39,1
DA:44,1
DA:49,1
DA:54,1
DA:59,1
DA:64,1
DA:70,1
DA:76,0
LF:13
LH:12
BRDA:24,0,0,0
BRDA:25,1,0,1
BRDA:25,1,1,1
BRDA:25,1,2,1
BRDA:25,1,3,1
BRDA:25,1,4,1
BRDA:25,1,5,1
BRDA:25,1,6,1
BRDA:25,1,7,1
BRDA:25,1,8,1
BRDA:25,1,9,0
BRF:11
BRH:9
end_of_record
TN:
SF:src\util\constants.js
FNF:0
FNH:0
DA:1,5
DA:19,5
DA:25,5
DA:39,5
DA:41,5
DA:43,5
LF:6
LH:6
BRF:0
BRH:0
end_of_record
TN:
SF:src\util\fileMock.js
FNF:0
FNH:0
DA:1,4
LF:1
LH:1
BRF:0
BRH:0
end_of_record
TN:
SF:src\util\index.js
FN:5,(anonymous_0)
FN:7,(anonymous_1)
FN:8,(anonymous_2)
FN:11,(anonymous_3)
FN:15,(anonymous_4)
FN:26,(anonymous_5)
FN:28,(anonymous_6)
FN:30,(anonymous_7)
FN:32,(anonymous_8)
FN:36,(anonymous_9)
FN:67,(anonymous_10)
FNF:11
FNH:2
FNDA:0,(anonymous_0)
FNDA:0,(anonymous_1)
FNDA:0,(anonymous_2)
FNDA:0,(anonymous_3)
FNDA:0,(anonymous_4)
FNDA:0,(anonymous_5)
FNDA:0,(anonymous_6)
FNDA:0,(anonymous_7)
FNDA:1,(anonymous_8)
FNDA:2,(anonymous_9)
FNDA:0,(anonymous_10)
DA:5,4
DA:6,0
DA:7,0
DA:8,0
DA:11,4
DA:12,0
DA:15,4
DA:16,0
DA:26,4
DA:28,4
DA:30,4
DA:32,4
DA:34,1
DA:36,4
DA:67,0
LF:15
LH:9
BRDA:5,0,0,0
BRDA:6,1,0,0
BRDA:6,1,1,0
BRDA:17,2,0,0
BRDA:17,2,1,0
BRDA:26,3,0,0
BRDA:26,3,1,0
BRDA:28,4,0,0
BRDA:28,4,1,0
BRF:9
BRH:0
end_of_record
